[debug] [2022-06-17T12:47:10.956Z] ----------------------------------------------------------------------
[debug] [2022-06-17T12:47:10.958Z] Command:       C:\Program Files\nodejs\node.exe C:\Users\97252\AppData\Roaming\npm\node_modules\firebase-tools\lib\bin\firebase.js init
[debug] [2022-06-17T12:47:10.959Z] CLI Version:   11.1.0
[debug] [2022-06-17T12:47:10.959Z] Platform:      win32
[debug] [2022-06-17T12:47:10.959Z] Node Version:  v16.13.1
[debug] [2022-06-17T12:47:10.961Z] Time:          Fri Jun 17 2022 15:47:10 GMT+0300 (שעון ישראל (קיץ))
[debug] [2022-06-17T12:47:10.961Z] ----------------------------------------------------------------------
[debug] 
[debug] [2022-06-17T12:47:10.971Z] > command requires scopes: ["email","openid","https://www.googleapis.com/auth/cloudplatformprojects.readonly","https://www.googleapis.com/auth/firebase","https://www.googleapis.com/auth/cloud-platform"]
[debug] [2022-06-17T12:47:10.971Z] > authorizing via signed-in user (nir.elgrabli.3@gmail.com)
[info] 
     ######## #### ########  ######## ########     ###     ######  ########
     ##        ##  ##     ## ##       ##     ##  ##   ##  ##       ##
     ######    ##  ########  ######   ########  #########  ######  ######
     ##        ##  ##    ##  ##       ##     ## ##     ##       ## ##
     ##       #### ##     ## ######## ########  ##     ##  ######  ########

You're about to initialize a Firebase project in this directory:

  D:\react\reactjs

[info] 
=== Project Setup
[info] 
[info] First, let's associate this project directory with a Firebase project.
[info] You can create multiple project aliases by running firebase use --add, 
[info] but for now we'll just set up a default project.
[info] 
[debug] [2022-06-17T12:47:19.315Z] >>> [apiv2][query] GET https://firebase.googleapis.com/v1beta1/projects pageSize=100
[debug] [2022-06-17T12:47:20.022Z] <<< [apiv2][status] GET https://firebase.googleapis.com/v1beta1/projects 200
[debug] [2022-06-17T12:47:20.023Z] <<< [apiv2][body] GET https://firebase.googleapis.com/v1beta1/projects [omitted]
[info] i  Using project modestinstyle-4e115 (ModestInStyle) 
[info] 
=== Hosting Setup
[info] 
[info] Your public directory is the folder (relative to your project directory) that
[info] will contain Hosting assets to be uploaded with firebase deploy. If you
[info] have a build process for your assets, use your build's output directory.
[info] 
